<?xml version="1.0" encoding="UTF-8"?>
<!-- Generated by org.testng.reporters.JUnitReportReporter -->
<testsuite hostname="DESKTOP-7V1EHS3" failures="0" tests="2" name="com.apex.api.cutomer.test.CustomerPutTest" time="1.564" errors="0" timestamp="2021-10-19T13:15:17 PDT" skipped="0">
  <testcase classname="com.apex.api.cutomer.test.CustomerPutTest" name="putAPITest" time="1.558"/>
  <system-out/>
  <testcase classname="com.apex.api.cutomer.test.CustomerPutTest" name="testPutForExposedEndpoint" time="0.006"/>
  <system-out/>
</testsuite> <!-- com.apex.api.cutomer.test.CustomerPutTest -->
