<?xml version="1.0" encoding="UTF-8"?>
<!-- Generated by org.testng.reporters.JUnitReportReporter -->
<testsuite hostname="DESKTOP-7V1EHS3" failures="0" tests="3" name="com.apex.api.cutomer.gson.poi.test.CustomerDeleteTest" time="1.777" errors="0" timestamp="2021-10-23T14:41:31 PDT" skipped="0">
  <testcase classname="com.apex.api.cutomer.gson.poi.test.CustomerDeleteTest" name="testGetUserWithSuccessData" time="1.134"/>
  <system-out/>
  <testcase classname="com.apex.api.cutomer.gson.poi.test.CustomerDeleteTest" name="testDeleteForExposedEndpoint" time="0.012"/>
  <system-out/>
  <testcase classname="com.apex.api.cutomer.gson.poi.test.CustomerDeleteTest" name="testGetUserWithSuccessData" time="0.631"/>
  <system-out/>
</testsuite> <!-- com.apex.api.cutomer.gson.poi.test.CustomerDeleteTest -->
