<?xml version="1.0" encoding="UTF-8"?>
<!-- Generated by org.testng.reporters.JUnitReportReporter -->
<testsuite hostname="DESKTOP-7V1EHS3" failures="0" tests="3" name="com.apex.api.cutomer.test.CustomerPostTest" time="2.923" errors="0" timestamp="2021-10-20T12:45:42 PDT" skipped="0">
  <testcase classname="com.apex.api.cutomer.test.CustomerPostTest" name="postAPITest" time="2.453"/>
  <system-out/>
  <testcase classname="com.apex.api.cutomer.test.CustomerPostTest" name="postAPITest" time="0.464"/>
  <system-out/>
  <testcase classname="com.apex.api.cutomer.test.CustomerPostTest" name="testPostForExposedEndpoint" time="0.006"/>
  <system-out/>
</testsuite> <!-- com.apex.api.cutomer.test.CustomerPostTest -->
