<?xml version="1.0" encoding="UTF-8"?>
<!-- Generated by org.testng.reporters.JUnitReportReporter -->
<testsuite hostname="DESKTOP-7V1EHS3" failures="0" tests="3" name="com.apex.api.cutomer.jaxb.poi.test.CustomerPostTest" time="0.363" errors="0" timestamp="2021-10-26T12:36:25 PDT" skipped="0">
  <testcase classname="com.apex.api.cutomer.jaxb.poi.test.CustomerPostTest" name="postAPITest" time="0.009"/>
  <system-out/>
  <testcase classname="com.apex.api.cutomer.jaxb.poi.test.CustomerPostTest" name="postAPITest" time="0.348"/>
  <system-out/>
  <testcase classname="com.apex.api.cutomer.jaxb.poi.test.CustomerPostTest" name="testPostForExposedEndpoint" time="0.006"/>
  <system-out/>
</testsuite> <!-- com.apex.api.cutomer.jaxb.poi.test.CustomerPostTest -->
