<?xml version="1.0" encoding="UTF-8"?>
<!-- Generated by org.testng.reporters.JUnitReportReporter -->
<testsuite hostname="DESKTOP-7V1EHS3" failures="0" tests="2" name="com.apex.api.cutomer.gson.poi.test.CustomerPutTest" time="1.330" errors="0" timestamp="2021-10-23T14:39:46 PDT" skipped="0">
  <testcase classname="com.apex.api.cutomer.gson.poi.test.CustomerPutTest" name="putAPITest" time="1.326"/>
  <system-out/>
  <testcase classname="com.apex.api.cutomer.gson.poi.test.CustomerPutTest" name="testPutForExposedEndpoint" time="0.004"/>
  <system-out/>
</testsuite> <!-- com.apex.api.cutomer.gson.poi.test.CustomerPutTest -->
