<?xml version="1.0" encoding="UTF-8"?>
<!-- Generated by org.testng.reporters.JUnitReportReporter -->
<testsuite hostname="DESKTOP-7V1EHS3" failures="0" tests="3" name="com.apex.api.cutomer.test.CustomerDeleteTest" time="2.099" errors="0" timestamp="2021-10-19T12:45:58 PDT" skipped="0">
  <testcase classname="com.apex.api.cutomer.test.CustomerDeleteTest" name="testDeleteForExposedEndpoint" time="0.026"/>
  <system-out/>
  <testcase classname="com.apex.api.cutomer.test.CustomerDeleteTest" name="testGetUserWithSuccessData" time="1.394"/>
  <system-out/>
  <testcase classname="com.apex.api.cutomer.test.CustomerDeleteTest" name="testGetUserWithSuccessData" time="0.679"/>
  <system-out/>
</testsuite> <!-- com.apex.api.cutomer.test.CustomerDeleteTest -->
