<?xml version="1.0" encoding="UTF-8"?>
<!-- Generated by org.testng.reporters.JUnitReportReporter -->
<testsuite hostname="DESKTOP-7V1EHS3" failures="0" tests="3" name="com.apex.api.cutomer.gson.poi.test.CustomerPostTest" time="1.705" errors="0" timestamp="2021-10-23T14:49:41 PDT" skipped="0">
  <testcase classname="com.apex.api.cutomer.gson.poi.test.CustomerPostTest" name="testPostForExposedEndpoint" time="0.003"/>
  <system-out/>
  <testcase classname="com.apex.api.cutomer.gson.poi.test.CustomerPostTest" name="postAPITest" time="0.503"/>
  <system-out/>
  <testcase classname="com.apex.api.cutomer.gson.poi.test.CustomerPostTest" name="postAPITest" time="1.199"/>
  <system-out/>
</testsuite> <!-- com.apex.api.cutomer.gson.poi.test.CustomerPostTest -->
